ls
rm -rrf [D[D[D-[C[C[C[Closs	
lls[D
ld
ls
answer3.txt[D[D[D[D[D[D[D[D[D[D[D[D[D[D[D[D[D[D[D[D[D[D[D[D[D[D[D[Dtouch nano 
[A[A
rm -rf nano
ls
ansnano answ	3	
hethis is answer 3
[A[A[A[A[A[D[D[D[D[D[D[D[D[D[D[D[C[C[C[C[C[C[C4[D[D[D[D[D[D[D[D
[A[D[D[D[D[D[D[D[D[D[D[D[Dnano
this is answer 4
cat answe	3	
[A[D[D[D[D[D4
ls
df -h ~
lss
ls
cat  aanswnssw	11..			
ls
ls
ls
ls
ls
cd ..
ls
ls cd user1
ls
cd ..
ls
cd ..
ls
ls
cd ...
[A[D
ls
ls
cat answer1.txt
ls
cd ..
ls
cd ..
ls
